<?xml version="1.0" encoding="UTF-8" ?>
<testsuite failures="2" time="0.1" errors="0" skipped="0" tests="2" name="com.impetus.portfolio.webTest.HomeControllerTest">
  <properties>
    <property name="java.runtime.name" value="Java(TM) SE Runtime Environment"/>
    <property name="sun.boot.library.path" value="C:\Program Files\Java\jdk1.7.0_05\jre\bin"/>
    <property name="java.vm.version" value="23.1-b03"/>
    <property name="java.vm.vendor" value="Oracle Corporation"/>
    <property name="java.vendor.url" value="http://java.oracle.com/"/>
    <property name="path.separator" value=";"/>
    <property name="java.vm.name" value="Java HotSpot(TM) 64-Bit Server VM"/>
    <property name="file.encoding.pkg" value="sun.io"/>
    <property name="user.script" value=""/>
    <property name="user.country" value="US"/>
    <property name="sun.java.launcher" value="SUN_STANDARD"/>
    <property name="sun.os.patch.level" value="Service Pack 1"/>
    <property name="java.vm.specification.name" value="Java Virtual Machine Specification"/>
    <property name="user.dir" value="C:\Users\prerit.anwekar\Documents\workspace-sts-3.0.0.RELEASE\portfolio Management System"/>
    <property name="java.runtime.version" value="1.7.0_05-b05"/>
    <property name="java.awt.graphicsenv" value="sun.awt.Win32GraphicsEnvironment"/>
    <property name="basedir" value="C:\Users\prerit.anwekar\Documents\workspace-sts-3.0.0.RELEASE\portfolio Management System"/>
    <property name="java.endorsed.dirs" value="C:\Program Files\Java\jdk1.7.0_05\jre\lib\endorsed"/>
    <property name="os.arch" value="amd64"/>
    <property name="surefire.real.class.path" value="C:\Users\prerit.anwekar\Documents\workspace-sts-3.0.0.RELEASE\portfolio Management System\target\surefire\surefirebooter7966737245837269485.jar;C:\Users\PRERIT~1.ANW\AppData\Local\Temp\jacocoagent2987545075370177986.jar"/>
    <property name="java.io.tmpdir" value="C:\Users\PRERIT~1.ANW\AppData\Local\Temp\"/>
    <property name="line.separator" value="
"/>
    <property name="java.vm.specification.vendor" value="Oracle Corporation"/>
    <property name="user.variant" value=""/>
    <property name="os.name" value="Windows 7"/>
    <property name="sun.jnu.encoding" value="Cp1252"/>
    <property name="java.library.path" value="C:\Program Files\Java\jdk1.7.0_05\jre\bin;C:\Windows\Sun\Java\bin;C:\Windows\system32;C:\Windows;C:\app\prerit.anwekar\product\11.2.0\client_2\bin;C:\app\prerit.anwekar\product\11.2.0\client_1;C:\Windows\system32;C:\Windows;C:\Windows\System32\Wbem;C:\Windows\System32\WindowsPowerShell\v1.0\;C:\Program Files\Java\jdk1.7.0_05\bin;D:\Softwares\apache-maven-3.0.3\bin;;."/>
    <property name="surefire.test.class.path" value="C:\Users\prerit.anwekar\Documents\workspace-sts-3.0.0.RELEASE\portfolio Management System\target\test-classes;C:\Users\prerit.anwekar\Documents\workspace-sts-3.0.0.RELEASE\portfolio Management System\target\classes;C:\Users\prerit.anwekar\.m2\repository\org\springframework\spring-context\3.1.0.RELEASE\spring-context-3.1.0.RELEASE.jar;C:\Users\prerit.anwekar\.m2\repository\org\springframework\spring-aop\3.1.0.RELEASE\spring-aop-3.1.0.RELEASE.jar;C:\Users\prerit.anwekar\.m2\repository\aopalliance\aopalliance\1.0\aopalliance-1.0.jar;C:\Users\prerit.anwekar\.m2\repository\org\springframework\spring-beans\3.1.0.RELEASE\spring-beans-3.1.0.RELEASE.jar;C:\Users\prerit.anwekar\.m2\repository\org\springframework\spring-core\3.1.0.RELEASE\spring-core-3.1.0.RELEASE.jar;C:\Users\prerit.anwekar\.m2\repository\org\springframework\spring-expression\3.1.0.RELEASE\spring-expression-3.1.0.RELEASE.jar;C:\Users\prerit.anwekar\.m2\repository\org\springframework\spring-asm\3.1.0.RELEASE\spring-asm-3.1.0.RELEASE.jar;C:\Users\prerit.anwekar\.m2\repository\org\hibernate\hibernate-core\3.6.10.Final\hibernate-core-3.6.10.Final.jar;C:\Users\prerit.anwekar\.m2\repository\antlr\antlr\2.7.6\antlr-2.7.6.jar;C:\Users\prerit.anwekar\.m2\repository\dom4j\dom4j\1.6.1\dom4j-1.6.1.jar;C:\Users\prerit.anwekar\.m2\repository\org\hibernate\hibernate-commons-annotations\3.2.0.Final\hibernate-commons-annotations-3.2.0.Final.jar;C:\Users\prerit.anwekar\.m2\repository\javax\transaction\jta\1.1\jta-1.1.jar;C:\Users\prerit.anwekar\.m2\repository\org\hibernate\hibernate-search\3.4.2.Final\hibernate-search-3.4.2.Final.jar;C:\Users\prerit.anwekar\.m2\repository\org\hibernate\hibernate-search-analyzers\3.4.2.Final\hibernate-search-analyzers-3.4.2.Final.jar;C:\Users\prerit.anwekar\.m2\repository\org\apache\lucene\lucene-analyzers\3.1.0\lucene-analyzers-3.1.0.jar;C:\Users\prerit.anwekar\.m2\repository\org\apache\solr\solr-analysis-extras\3.1.0\solr-analysis-extras-3.1.0.jar;C:\Users\prerit.anwekar\.m2\repository\org\apache\solr\solr-core\3.1.0\solr-core-3.1.0.jar;C:\Users\prerit.anwekar\.m2\repository\org\apache\solr\solr-solrj\3.1.0\solr-solrj-3.1.0.jar;C:\Users\prerit.anwekar\.m2\repository\org\apache\lucene\lucene-highlighter\3.1.0\lucene-highlighter-3.1.0.jar;C:\Users\prerit.anwekar\.m2\repository\org\apache\lucene\lucene-memory\3.1.0\lucene-memory-3.1.0.jar;C:\Users\prerit.anwekar\.m2\repository\org\apache\lucene\lucene-misc\3.1.0\lucene-misc-3.1.0.jar;C:\Users\prerit.anwekar\.m2\repository\org\apache\lucene\lucene-spatial\3.1.0\lucene-spatial-3.1.0.jar;C:\Users\prerit.anwekar\.m2\repository\org\apache\lucene\lucene-spellchecker\3.1.0\lucene-spellchecker-3.1.0.jar;C:\Users\prerit.anwekar\.m2\repository\org\apache\solr\solr-commons-csv\3.1.0\solr-commons-csv-3.1.0.jar;C:\Users\prerit.anwekar\.m2\repository\commons-codec\commons-codec\1.4\commons-codec-1.4.jar;C:\Users\prerit.anwekar\.m2\repository\commons-io\commons-io\1.4\commons-io-1.4.jar;C:\Users\prerit.anwekar\.m2\repository\commons-lang\commons-lang\2.4\commons-lang-2.4.jar;C:\Users\prerit.anwekar\.m2\repository\org\apache\lucene\lucene-smartcn\3.1.0\lucene-smartcn-3.1.0.jar;C:\Users\prerit.anwekar\.m2\repository\org\apache\lucene\lucene-stempel\3.1.0\lucene-stempel-3.1.0.jar;C:\Users\prerit.anwekar\.m2\repository\org\hibernate\javax\persistence\hibernate-jpa-2.0-api\1.0.1.Final\hibernate-jpa-2.0-api-1.0.1.Final.jar;C:\Users\prerit.anwekar\.m2\repository\org\apache\lucene\lucene-core\3.6.1\lucene-core-3.6.1.jar;C:\Users\prerit.anwekar\.m2\repository\org\apache\poi\poi\3.5-FINAL\poi-3.5-FINAL.jar;C:\Users\prerit.anwekar\.m2\repository\commons-logging\commons-logging\1.1\commons-logging-1.1.jar;C:\Users\prerit.anwekar\.m2\repository\logkit\logkit\1.0.1\logkit-1.0.1.jar;C:\Users\prerit.anwekar\.m2\repository\avalon-framework\avalon-framework\4.1.3\avalon-framework-4.1.3.jar;C:\Users\prerit.anwekar\.m2\repository\org\springframework\spring-webmvc\3.1.0.RELEASE\spring-webmvc-3.1.0.RELEASE.jar;C:\Users\prerit.anwekar\.m2\repository\org\springframework\spring-context-support\3.1.0.RELEASE\spring-context-support-3.1.0.RELEASE.jar;C:\Users\prerit.anwekar\.m2\repository\org\springframework\spring-web\3.1.0.RELEASE\spring-web-3.1.0.RELEASE.jar;C:\Users\prerit.anwekar\.m2\repository\org\aspectj\aspectjrt\1.6.9\aspectjrt-1.6.9.jar;C:\Users\prerit.anwekar\.m2\repository\org\springframework\spring-orm\3.0.0.RELEASE\spring-orm-3.0.0.RELEASE.jar;C:\Users\prerit.anwekar\.m2\repository\org\springframework\spring-jdbc\3.0.0.RELEASE\spring-jdbc-3.0.0.RELEASE.jar;C:\Users\prerit.anwekar\.m2\repository\org\springframework\spring-tx\3.0.0.RELEASE\spring-tx-3.0.0.RELEASE.jar;C:\Users\prerit.anwekar\.m2\repository\javax\mail\mail\1.4.5\mail-1.4.5.jar;C:\Users\prerit.anwekar\.m2\repository\javax\activation\activation\1.1\activation-1.1.jar;C:\Users\prerit.anwekar\.m2\repository\org\slf4j\slf4j-api\1.5.10\slf4j-api-1.5.10.jar;C:\Users\prerit.anwekar\.m2\repository\org\slf4j\jcl-over-slf4j\1.5.10\jcl-over-slf4j-1.5.10.jar;C:\Users\prerit.anwekar\.m2\repository\org\slf4j\slf4j-log4j12\1.5.10\slf4j-log4j12-1.5.10.jar;C:\Users\prerit.anwekar\.m2\repository\log4j\log4j\1.2.15\log4j-1.2.15.jar;C:\Users\prerit.anwekar\.m2\repository\opensymphony\quartz\1.6.3\quartz-1.6.3.jar;C:\Users\prerit.anwekar\.m2\repository\commons-collections\commons-collections\3.2.1\commons-collections-3.2.1.jar;C:\Users\prerit.anwekar\.m2\repository\org\apache\directory\studio\org.apache.commons.logging\1.1.1\org.apache.commons.logging-1.1.1.jar;C:\Users\prerit.anwekar\.m2\repository\javax\inject\javax.inject\1\javax.inject-1.jar;C:\Users\prerit.anwekar\.m2\repository\mysql\mysql-connector-java\5.1.21\mysql-connector-java-5.1.21.jar;C:\Users\prerit.anwekar\.m2\repository\javassist\javassist\3.12.1.GA\javassist-3.12.1.GA.jar;C:\Users\prerit.anwekar\.m2\repository\javax\servlet\servlet-api\2.5\servlet-api-2.5.jar;C:\Users\prerit.anwekar\.m2\repository\javax\servlet\jsp\jsp-api\2.1\jsp-api-2.1.jar;C:\Users\prerit.anwekar\.m2\repository\javax\servlet\jstl\1.2\jstl-1.2.jar;C:\Users\prerit.anwekar\.m2\repository\junit\junit\4.7\junit-4.7.jar;C:\Users\prerit.anwekar\.m2\repository\org\springframework\spring-test\2.5\spring-test-2.5.jar;"/>
    <property name="java.specification.name" value="Java Platform API Specification"/>
    <property name="java.class.version" value="51.0"/>
    <property name="sun.management.compiler" value="HotSpot 64-Bit Tiered Compilers"/>
    <property name="os.version" value="6.1"/>
    <property name="user.home" value="C:\Users\prerit.anwekar"/>
    <property name="user.timezone" value=""/>
    <property name="java.awt.printerjob" value="sun.awt.windows.WPrinterJob"/>
    <property name="java.specification.version" value="1.7"/>
    <property name="file.encoding" value="Cp1252"/>
    <property name="user.name" value="prerit.anwekar"/>
    <property name="java.class.path" value="C:\Users\prerit.anwekar\Documents\workspace-sts-3.0.0.RELEASE\portfolio Management System\target\test-classes;C:\Users\prerit.anwekar\Documents\workspace-sts-3.0.0.RELEASE\portfolio Management System\target\classes;C:\Users\prerit.anwekar\.m2\repository\org\springframework\spring-context\3.1.0.RELEASE\spring-context-3.1.0.RELEASE.jar;C:\Users\prerit.anwekar\.m2\repository\org\springframework\spring-aop\3.1.0.RELEASE\spring-aop-3.1.0.RELEASE.jar;C:\Users\prerit.anwekar\.m2\repository\aopalliance\aopalliance\1.0\aopalliance-1.0.jar;C:\Users\prerit.anwekar\.m2\repository\org\springframework\spring-beans\3.1.0.RELEASE\spring-beans-3.1.0.RELEASE.jar;C:\Users\prerit.anwekar\.m2\repository\org\springframework\spring-core\3.1.0.RELEASE\spring-core-3.1.0.RELEASE.jar;C:\Users\prerit.anwekar\.m2\repository\org\springframework\spring-expression\3.1.0.RELEASE\spring-expression-3.1.0.RELEASE.jar;C:\Users\prerit.anwekar\.m2\repository\org\springframework\spring-asm\3.1.0.RELEASE\spring-asm-3.1.0.RELEASE.jar;C:\Users\prerit.anwekar\.m2\repository\org\hibernate\hibernate-core\3.6.10.Final\hibernate-core-3.6.10.Final.jar;C:\Users\prerit.anwekar\.m2\repository\antlr\antlr\2.7.6\antlr-2.7.6.jar;C:\Users\prerit.anwekar\.m2\repository\dom4j\dom4j\1.6.1\dom4j-1.6.1.jar;C:\Users\prerit.anwekar\.m2\repository\org\hibernate\hibernate-commons-annotations\3.2.0.Final\hibernate-commons-annotations-3.2.0.Final.jar;C:\Users\prerit.anwekar\.m2\repository\javax\transaction\jta\1.1\jta-1.1.jar;C:\Users\prerit.anwekar\.m2\repository\org\hibernate\hibernate-search\3.4.2.Final\hibernate-search-3.4.2.Final.jar;C:\Users\prerit.anwekar\.m2\repository\org\hibernate\hibernate-search-analyzers\3.4.2.Final\hibernate-search-analyzers-3.4.2.Final.jar;C:\Users\prerit.anwekar\.m2\repository\org\apache\lucene\lucene-analyzers\3.1.0\lucene-analyzers-3.1.0.jar;C:\Users\prerit.anwekar\.m2\repository\org\apache\solr\solr-analysis-extras\3.1.0\solr-analysis-extras-3.1.0.jar;C:\Users\prerit.anwekar\.m2\repository\org\apache\solr\solr-core\3.1.0\solr-core-3.1.0.jar;C:\Users\prerit.anwekar\.m2\repository\org\apache\solr\solr-solrj\3.1.0\solr-solrj-3.1.0.jar;C:\Users\prerit.anwekar\.m2\repository\org\apache\lucene\lucene-highlighter\3.1.0\lucene-highlighter-3.1.0.jar;C:\Users\prerit.anwekar\.m2\repository\org\apache\lucene\lucene-memory\3.1.0\lucene-memory-3.1.0.jar;C:\Users\prerit.anwekar\.m2\repository\org\apache\lucene\lucene-misc\3.1.0\lucene-misc-3.1.0.jar;C:\Users\prerit.anwekar\.m2\repository\org\apache\lucene\lucene-spatial\3.1.0\lucene-spatial-3.1.0.jar;C:\Users\prerit.anwekar\.m2\repository\org\apache\lucene\lucene-spellchecker\3.1.0\lucene-spellchecker-3.1.0.jar;C:\Users\prerit.anwekar\.m2\repository\org\apache\solr\solr-commons-csv\3.1.0\solr-commons-csv-3.1.0.jar;C:\Users\prerit.anwekar\.m2\repository\commons-codec\commons-codec\1.4\commons-codec-1.4.jar;C:\Users\prerit.anwekar\.m2\repository\commons-io\commons-io\1.4\commons-io-1.4.jar;C:\Users\prerit.anwekar\.m2\repository\commons-lang\commons-lang\2.4\commons-lang-2.4.jar;C:\Users\prerit.anwekar\.m2\repository\org\apache\lucene\lucene-smartcn\3.1.0\lucene-smartcn-3.1.0.jar;C:\Users\prerit.anwekar\.m2\repository\org\apache\lucene\lucene-stempel\3.1.0\lucene-stempel-3.1.0.jar;C:\Users\prerit.anwekar\.m2\repository\org\hibernate\javax\persistence\hibernate-jpa-2.0-api\1.0.1.Final\hibernate-jpa-2.0-api-1.0.1.Final.jar;C:\Users\prerit.anwekar\.m2\repository\org\apache\lucene\lucene-core\3.6.1\lucene-core-3.6.1.jar;C:\Users\prerit.anwekar\.m2\repository\org\apache\poi\poi\3.5-FINAL\poi-3.5-FINAL.jar;C:\Users\prerit.anwekar\.m2\repository\commons-logging\commons-logging\1.1\commons-logging-1.1.jar;C:\Users\prerit.anwekar\.m2\repository\logkit\logkit\1.0.1\logkit-1.0.1.jar;C:\Users\prerit.anwekar\.m2\repository\avalon-framework\avalon-framework\4.1.3\avalon-framework-4.1.3.jar;C:\Users\prerit.anwekar\.m2\repository\org\springframework\spring-webmvc\3.1.0.RELEASE\spring-webmvc-3.1.0.RELEASE.jar;C:\Users\prerit.anwekar\.m2\repository\org\springframework\spring-context-support\3.1.0.RELEASE\spring-context-support-3.1.0.RELEASE.jar;C:\Users\prerit.anwekar\.m2\repository\org\springframework\spring-web\3.1.0.RELEASE\spring-web-3.1.0.RELEASE.jar;C:\Users\prerit.anwekar\.m2\repository\org\aspectj\aspectjrt\1.6.9\aspectjrt-1.6.9.jar;C:\Users\prerit.anwekar\.m2\repository\org\springframework\spring-orm\3.0.0.RELEASE\spring-orm-3.0.0.RELEASE.jar;C:\Users\prerit.anwekar\.m2\repository\org\springframework\spring-jdbc\3.0.0.RELEASE\spring-jdbc-3.0.0.RELEASE.jar;C:\Users\prerit.anwekar\.m2\repository\org\springframework\spring-tx\3.0.0.RELEASE\spring-tx-3.0.0.RELEASE.jar;C:\Users\prerit.anwekar\.m2\repository\javax\mail\mail\1.4.5\mail-1.4.5.jar;C:\Users\prerit.anwekar\.m2\repository\javax\activation\activation\1.1\activation-1.1.jar;C:\Users\prerit.anwekar\.m2\repository\org\slf4j\slf4j-api\1.5.10\slf4j-api-1.5.10.jar;C:\Users\prerit.anwekar\.m2\repository\org\slf4j\jcl-over-slf4j\1.5.10\jcl-over-slf4j-1.5.10.jar;C:\Users\prerit.anwekar\.m2\repository\org\slf4j\slf4j-log4j12\1.5.10\slf4j-log4j12-1.5.10.jar;C:\Users\prerit.anwekar\.m2\repository\log4j\log4j\1.2.15\log4j-1.2.15.jar;C:\Users\prerit.anwekar\.m2\repository\opensymphony\quartz\1.6.3\quartz-1.6.3.jar;C:\Users\prerit.anwekar\.m2\repository\commons-collections\commons-collections\3.2.1\commons-collections-3.2.1.jar;C:\Users\prerit.anwekar\.m2\repository\org\apache\directory\studio\org.apache.commons.logging\1.1.1\org.apache.commons.logging-1.1.1.jar;C:\Users\prerit.anwekar\.m2\repository\javax\inject\javax.inject\1\javax.inject-1.jar;C:\Users\prerit.anwekar\.m2\repository\mysql\mysql-connector-java\5.1.21\mysql-connector-java-5.1.21.jar;C:\Users\prerit.anwekar\.m2\repository\javassist\javassist\3.12.1.GA\javassist-3.12.1.GA.jar;C:\Users\prerit.anwekar\.m2\repository\javax\servlet\servlet-api\2.5\servlet-api-2.5.jar;C:\Users\prerit.anwekar\.m2\repository\javax\servlet\jsp\jsp-api\2.1\jsp-api-2.1.jar;C:\Users\prerit.anwekar\.m2\repository\javax\servlet\jstl\1.2\jstl-1.2.jar;C:\Users\prerit.anwekar\.m2\repository\junit\junit\4.7\junit-4.7.jar;C:\Users\prerit.anwekar\.m2\repository\org\springframework\spring-test\2.5\spring-test-2.5.jar;"/>
    <property name="java.vm.specification.version" value="1.7"/>
    <property name="sun.arch.data.model" value="64"/>
    <property name="java.home" value="C:\Program Files\Java\jdk1.7.0_05\jre"/>
    <property name="sun.java.command" value="C:\Users\prerit.anwekar\Documents\workspace-sts-3.0.0.RELEASE\portfolio Management System\target\surefire\surefirebooter7966737245837269485.jar C:\Users\prerit.anwekar\Documents\workspace-sts-3.0.0.RELEASE\portfolio Management System\target\surefire\surefire4193561633008792428tmp C:\Users\prerit.anwekar\Documents\workspace-sts-3.0.0.RELEASE\portfolio Management System\target\surefire\surefire4020340192420044096tmp"/>
    <property name="java.specification.vendor" value="Oracle Corporation"/>
    <property name="user.language" value="en"/>
    <property name="awt.toolkit" value="sun.awt.windows.WToolkit"/>
    <property name="java.vm.info" value="mixed mode"/>
    <property name="java.version" value="1.7.0_05"/>
    <property name="java.ext.dirs" value="C:\Program Files\Java\jdk1.7.0_05\jre\lib\ext;C:\Windows\Sun\Java\lib\ext"/>
    <property name="sun.boot.class.path" value="C:\Program Files\Java\jdk1.7.0_05\jre\lib\resources.jar;C:\Program Files\Java\jdk1.7.0_05\jre\lib\rt.jar;C:\Program Files\Java\jdk1.7.0_05\jre\lib\sunrsasign.jar;C:\Program Files\Java\jdk1.7.0_05\jre\lib\jsse.jar;C:\Program Files\Java\jdk1.7.0_05\jre\lib\jce.jar;C:\Program Files\Java\jdk1.7.0_05\jre\lib\charsets.jar;C:\Program Files\Java\jdk1.7.0_05\jre\lib\jfr.jar;C:\Program Files\Java\jdk1.7.0_05\jre\classes"/>
    <property name="java.vendor" value="Oracle Corporation"/>
    <property name="localRepository" value="C:\Users\prerit.anwekar\.m2\repository"/>
    <property name="file.separator" value="\"/>
    <property name="java.vendor.url.bug" value="http://bugreport.sun.com/bugreport/"/>
    <property name="sun.cpu.endian" value="little"/>
    <property name="sun.io.unicode.encoding" value="UnicodeLittle"/>
    <property name="sun.desktop" value="windows"/>
    <property name="sun.cpu.isalist" value="amd64"/>
  </properties>
  <testcase time="0.009" classname="com.impetus.portfolio.webTest.HomeControllerTest" name="testHome">
    <failure message="Not yet implemented" type="java.lang.AssertionError">java.lang.AssertionError: Not yet implemented
	at org.junit.Assert.fail(Assert.java:91)
	at com.impetus.portfolio.webTest.HomeControllerTest.testHome(HomeControllerTest.java:21)
	at sun.reflect.NativeMethodAccessorImpl.invoke0(Native Method)
	at sun.reflect.NativeMethodAccessorImpl.invoke(NativeMethodAccessorImpl.java:57)
	at sun.reflect.DelegatingMethodAccessorImpl.invoke(DelegatingMethodAccessorImpl.java:43)
	at java.lang.reflect.Method.invoke(Method.java:601)
	at org.junit.runners.model.FrameworkMethod$1.runReflectiveCall(FrameworkMethod.java:44)
	at org.junit.internal.runners.model.ReflectiveCallable.run(ReflectiveCallable.java:15)
	at org.junit.runners.model.FrameworkMethod.invokeExplosively(FrameworkMethod.java:41)
	at org.junit.internal.runners.statements.InvokeMethod.evaluate(InvokeMethod.java:20)
	at org.junit.runners.BlockJUnit4ClassRunner.runChild(BlockJUnit4ClassRunner.java:76)
	at org.junit.runners.BlockJUnit4ClassRunner.runChild(BlockJUnit4ClassRunner.java:50)
	at org.junit.runners.ParentRunner$3.run(ParentRunner.java:193)
	at org.junit.runners.ParentRunner$1.schedule(ParentRunner.java:52)
	at org.junit.runners.ParentRunner.runChildren(ParentRunner.java:191)
	at org.junit.runners.ParentRunner.access$000(ParentRunner.java:42)
	at org.junit.runners.ParentRunner$2.evaluate(ParentRunner.java:184)
	at org.junit.runners.ParentRunner.run(ParentRunner.java:236)
	at org.apache.maven.surefire.junit4.JUnit4TestSet.execute(JUnit4TestSet.java:35)
	at org.apache.maven.surefire.junit4.JUnit4Provider.executeTestSet(JUnit4Provider.java:115)
	at org.apache.maven.surefire.junit4.JUnit4Provider.invoke(JUnit4Provider.java:97)
	at sun.reflect.NativeMethodAccessorImpl.invoke0(Native Method)
	at sun.reflect.NativeMethodAccessorImpl.invoke(NativeMethodAccessorImpl.java:57)
	at sun.reflect.DelegatingMethodAccessorImpl.invoke(DelegatingMethodAccessorImpl.java:43)
	at java.lang.reflect.Method.invoke(Method.java:601)
	at org.apache.maven.surefire.booter.ProviderFactory$ClassLoaderProxy.invoke(ProviderFactory.java:103)
	at $Proxy0.invoke(Unknown Source)
	at org.apache.maven.surefire.booter.SurefireStarter.invokeProvider(SurefireStarter.java:150)
	at org.apache.maven.surefire.booter.SurefireStarter.runSuitesInProcess(SurefireStarter.java:91)
	at org.apache.maven.surefire.booter.ForkedBooter.main(ForkedBooter.java:69)
</failure>
    <system-out>@HL
@HL-------------------------------------------------------
@HL T E S T S
@HL-------------------------------------------------------
@SLRunning com.impetus.portfolio.webTest.HomeControllerTest
</system-out>
  </testcase>
  <testcase time="0" classname="com.impetus.portfolio.webTest.HomeControllerTest" name="testAbout">
    <failure message="Not yet implemented" type="java.lang.AssertionError">java.lang.AssertionError: Not yet implemented
	at org.junit.Assert.fail(Assert.java:91)
	at com.impetus.portfolio.webTest.HomeControllerTest.testAbout(HomeControllerTest.java:29)
	at sun.reflect.NativeMethodAccessorImpl.invoke0(Native Method)
	at sun.reflect.NativeMethodAccessorImpl.invoke(NativeMethodAccessorImpl.java:57)
	at sun.reflect.DelegatingMethodAccessorImpl.invoke(DelegatingMethodAccessorImpl.java:43)
	at java.lang.reflect.Method.invoke(Method.java:601)
	at org.junit.runners.model.FrameworkMethod$1.runReflectiveCall(FrameworkMethod.java:44)
	at org.junit.internal.runners.model.ReflectiveCallable.run(ReflectiveCallable.java:15)
	at org.junit.runners.model.FrameworkMethod.invokeExplosively(FrameworkMethod.java:41)
	at org.junit.internal.runners.statements.InvokeMethod.evaluate(InvokeMethod.java:20)
	at org.junit.runners.BlockJUnit4ClassRunner.runChild(BlockJUnit4ClassRunner.java:76)
	at org.junit.runners.BlockJUnit4ClassRunner.runChild(BlockJUnit4ClassRunner.java:50)
	at org.junit.runners.ParentRunner$3.run(ParentRunner.java:193)
	at org.junit.runners.ParentRunner$1.schedule(ParentRunner.java:52)
	at org.junit.runners.ParentRunner.runChildren(ParentRunner.java:191)
	at org.junit.runners.ParentRunner.access$000(ParentRunner.java:42)
	at org.junit.runners.ParentRunner$2.evaluate(ParentRunner.java:184)
	at org.junit.runners.ParentRunner.run(ParentRunner.java:236)
	at org.apache.maven.surefire.junit4.JUnit4TestSet.execute(JUnit4TestSet.java:35)
	at org.apache.maven.surefire.junit4.JUnit4Provider.executeTestSet(JUnit4Provider.java:115)
	at org.apache.maven.surefire.junit4.JUnit4Provider.invoke(JUnit4Provider.java:97)
	at sun.reflect.NativeMethodAccessorImpl.invoke0(Native Method)
	at sun.reflect.NativeMethodAccessorImpl.invoke(NativeMethodAccessorImpl.java:57)
	at sun.reflect.DelegatingMethodAccessorImpl.invoke(DelegatingMethodAccessorImpl.java:43)
	at java.lang.reflect.Method.invoke(Method.java:601)
	at org.apache.maven.surefire.booter.ProviderFactory$ClassLoaderProxy.invoke(ProviderFactory.java:103)
	at $Proxy0.invoke(Unknown Source)
	at org.apache.maven.surefire.booter.SurefireStarter.invokeProvider(SurefireStarter.java:150)
	at org.apache.maven.surefire.booter.SurefireStarter.runSuitesInProcess(SurefireStarter.java:91)
	at org.apache.maven.surefire.booter.ForkedBooter.main(ForkedBooter.java:69)
</failure>
  </testcase>
</testsuite>